2023-08-25 09:50:14.1159|14|INFO|Microsoft.Hosting.Lifetime|Now listening on: https://localhost:7285 |url: |action: 
2023-08-25 09:50:14.1159|14|INFO|Microsoft.Hosting.Lifetime|Now listening on: http://localhost:5136 |url: |action: 
2023-08-25 09:50:14.1159|0|INFO|Microsoft.Hosting.Lifetime|Application started. Press Ctrl+C to shut down. |url: |action: 
2023-08-25 09:50:14.1159|0|INFO|Microsoft.Hosting.Lifetime|Hosting environment: Development |url: |action: 
2023-08-25 09:50:14.1159|0|INFO|Microsoft.Hosting.Lifetime|Content root path: D:\Project\C#\KChatServe\KChatServe\ |url: |action: 
2023-08-25 09:50:40.9347|14|INFO|Microsoft.Hosting.Lifetime|Now listening on: https://localhost:7285 |url: |action: 
2023-08-25 09:50:40.9412|14|INFO|Microsoft.Hosting.Lifetime|Now listening on: http://localhost:5136 |url: |action: 
2023-08-25 09:50:40.9412|0|INFO|Microsoft.Hosting.Lifetime|Application started. Press Ctrl+C to shut down. |url: |action: 
2023-08-25 09:50:40.9412|0|INFO|Microsoft.Hosting.Lifetime|Hosting environment: Development |url: |action: 
2023-08-25 09:50:40.9412|0|INFO|Microsoft.Hosting.Lifetime|Content root path: D:\Project\C#\KChatServe\KChatServe\ |url: |action: 
2023-08-25 09:50:57.1871|14|INFO|Microsoft.Hosting.Lifetime|Now listening on: https://localhost:7285 |url: |action: 
2023-08-25 09:50:57.1871|14|INFO|Microsoft.Hosting.Lifetime|Now listening on: http://localhost:5136 |url: |action: 
2023-08-25 09:50:57.1871|0|INFO|Microsoft.Hosting.Lifetime|Application started. Press Ctrl+C to shut down. |url: |action: 
2023-08-25 09:50:57.1871|0|INFO|Microsoft.Hosting.Lifetime|Hosting environment: Development |url: |action: 
2023-08-25 09:50:57.1871|0|INFO|Microsoft.Hosting.Lifetime|Content root path: D:\Project\C#\KChatServe\KChatServe\ |url: |action: 
2023-08-25 10:10:12.8553|14|INFO|Microsoft.Hosting.Lifetime|Now listening on: https://localhost:7285 |url: |action: 
2023-08-25 10:10:12.8654|14|INFO|Microsoft.Hosting.Lifetime|Now listening on: http://localhost:5136 |url: |action: 
2023-08-25 10:10:12.8654|0|INFO|Microsoft.Hosting.Lifetime|Application started. Press Ctrl+C to shut down. |url: |action: 
2023-08-25 10:10:12.8654|0|INFO|Microsoft.Hosting.Lifetime|Hosting environment: Development |url: |action: 
2023-08-25 10:10:12.8654|0|INFO|Microsoft.Hosting.Lifetime|Content root path: D:\Project\C#\KChatServe\KChatServe\ |url: |action: 
2023-08-25 10:20:51.8897|14|INFO|Microsoft.Hosting.Lifetime|Now listening on: https://localhost:7285 |url: |action: 
2023-08-25 10:20:51.8897|14|INFO|Microsoft.Hosting.Lifetime|Now listening on: http://localhost:5136 |url: |action: 
2023-08-25 10:20:51.8897|0|INFO|Microsoft.Hosting.Lifetime|Application started. Press Ctrl+C to shut down. |url: |action: 
2023-08-25 10:20:51.8897|0|INFO|Microsoft.Hosting.Lifetime|Hosting environment: Development |url: |action: 
2023-08-25 10:20:51.8897|0|INFO|Microsoft.Hosting.Lifetime|Content root path: D:\Project\C#\KChatServe\KChatServe\ |url: |action: 
2023-08-25 10:22:30.6455|14|INFO|Microsoft.Hosting.Lifetime|Now listening on: https://localhost:7285 |url: |action: 
2023-08-25 10:22:30.6455|14|INFO|Microsoft.Hosting.Lifetime|Now listening on: http://localhost:5136 |url: |action: 
2023-08-25 10:22:30.6455|0|INFO|Microsoft.Hosting.Lifetime|Application started. Press Ctrl+C to shut down. |url: |action: 
2023-08-25 10:22:30.6455|0|INFO|Microsoft.Hosting.Lifetime|Hosting environment: Development |url: |action: 
2023-08-25 10:22:30.6455|0|INFO|Microsoft.Hosting.Lifetime|Content root path: D:\Project\C#\KChatServe\KChatServe\ |url: |action: 
2023-08-25 10:24:55.7852|14|INFO|Microsoft.Hosting.Lifetime|Now listening on: https://localhost:7285 |url: |action: 
2023-08-25 10:24:55.7852|14|INFO|Microsoft.Hosting.Lifetime|Now listening on: http://localhost:5136 |url: |action: 
2023-08-25 10:24:55.7852|0|INFO|Microsoft.Hosting.Lifetime|Application started. Press Ctrl+C to shut down. |url: |action: 
2023-08-25 10:24:55.7852|0|INFO|Microsoft.Hosting.Lifetime|Hosting environment: Development |url: |action: 
2023-08-25 10:24:55.7852|0|INFO|Microsoft.Hosting.Lifetime|Content root path: D:\Project\C#\KChatServe\KChatServe\ |url: |action: 
2023-08-25 10:29:41.4158|14|INFO|Microsoft.Hosting.Lifetime|Now listening on: https://localhost:7285 |url: |action: 
2023-08-25 10:29:41.4228|14|INFO|Microsoft.Hosting.Lifetime|Now listening on: http://localhost:5136 |url: |action: 
2023-08-25 10:29:41.4228|0|INFO|Microsoft.Hosting.Lifetime|Application started. Press Ctrl+C to shut down. |url: |action: 
2023-08-25 10:29:41.4228|0|INFO|Microsoft.Hosting.Lifetime|Hosting environment: Development |url: |action: 
2023-08-25 10:29:41.4228|0|INFO|Microsoft.Hosting.Lifetime|Content root path: D:\Project\C#\KChatServe\KChatServe\ |url: |action: 
2023-08-25 10:32:22.7479|14|INFO|Microsoft.Hosting.Lifetime|Now listening on: https://localhost:7285 |url: |action: 
2023-08-25 10:32:22.7545|14|INFO|Microsoft.Hosting.Lifetime|Now listening on: http://localhost:5136 |url: |action: 
2023-08-25 10:32:22.7545|0|INFO|Microsoft.Hosting.Lifetime|Application started. Press Ctrl+C to shut down. |url: |action: 
2023-08-25 10:32:22.7545|0|INFO|Microsoft.Hosting.Lifetime|Hosting environment: Development |url: |action: 
2023-08-25 10:32:22.7545|0|INFO|Microsoft.Hosting.Lifetime|Content root path: D:\Project\C#\KChatServe\KChatServe\ |url: |action: 
2023-08-25 10:35:51.9900|14|INFO|Microsoft.Hosting.Lifetime|Now listening on: https://localhost:7285 |url: |action: 
2023-08-25 10:35:51.9900|14|INFO|Microsoft.Hosting.Lifetime|Now listening on: http://localhost:5136 |url: |action: 
2023-08-25 10:35:51.9900|0|INFO|Microsoft.Hosting.Lifetime|Application started. Press Ctrl+C to shut down. |url: |action: 
2023-08-25 10:35:51.9900|0|INFO|Microsoft.Hosting.Lifetime|Hosting environment: Development |url: |action: 
2023-08-25 10:35:51.9900|0|INFO|Microsoft.Hosting.Lifetime|Content root path: D:\Project\C#\KChatServe\KChatServe\ |url: |action: 
2023-08-25 10:38:36.1412|14|INFO|Microsoft.Hosting.Lifetime|Now listening on: https://localhost:7285 |url: |action: 
2023-08-25 10:38:36.1412|14|INFO|Microsoft.Hosting.Lifetime|Now listening on: http://localhost:5136 |url: |action: 
2023-08-25 10:38:36.1412|0|INFO|Microsoft.Hosting.Lifetime|Application started. Press Ctrl+C to shut down. |url: |action: 
2023-08-25 10:38:36.1412|0|INFO|Microsoft.Hosting.Lifetime|Hosting environment: Development |url: |action: 
2023-08-25 10:38:36.1412|0|INFO|Microsoft.Hosting.Lifetime|Content root path: D:\Project\C#\KChatServe\KChatServe\ |url: |action: 
2023-08-25 10:40:09.9854|14|INFO|Microsoft.Hosting.Lifetime|Now listening on: https://localhost:7285 |url: |action: 
2023-08-25 10:40:09.9854|14|INFO|Microsoft.Hosting.Lifetime|Now listening on: http://localhost:5136 |url: |action: 
2023-08-25 10:40:09.9854|0|INFO|Microsoft.Hosting.Lifetime|Application started. Press Ctrl+C to shut down. |url: |action: 
2023-08-25 10:40:09.9854|0|INFO|Microsoft.Hosting.Lifetime|Hosting environment: Development |url: |action: 
2023-08-25 10:40:09.9854|0|INFO|Microsoft.Hosting.Lifetime|Content root path: D:\Project\C#\KChatServe\KChatServe\ |url: |action: 
2023-08-25 10:44:11.2551|14|INFO|Microsoft.Hosting.Lifetime|Now listening on: https://localhost:7285 |url: |action: 
2023-08-25 10:44:11.2551|14|INFO|Microsoft.Hosting.Lifetime|Now listening on: http://localhost:5136 |url: |action: 
2023-08-25 10:44:11.2551|0|INFO|Microsoft.Hosting.Lifetime|Application started. Press Ctrl+C to shut down. |url: |action: 
2023-08-25 10:44:11.2551|0|INFO|Microsoft.Hosting.Lifetime|Hosting environment: Development |url: |action: 
2023-08-25 10:44:11.2551|0|INFO|Microsoft.Hosting.Lifetime|Content root path: D:\Project\C#\KChatServe\KChatServe\ |url: |action: 
2023-08-25 10:44:30.7339|14|INFO|Microsoft.Hosting.Lifetime|Now listening on: https://localhost:7285 |url: |action: 
2023-08-25 10:44:30.7339|14|INFO|Microsoft.Hosting.Lifetime|Now listening on: http://localhost:5136 |url: |action: 
2023-08-25 10:44:30.7339|0|INFO|Microsoft.Hosting.Lifetime|Application started. Press Ctrl+C to shut down. |url: |action: 
2023-08-25 10:44:30.7339|0|INFO|Microsoft.Hosting.Lifetime|Hosting environment: Development |url: |action: 
2023-08-25 10:44:30.7339|0|INFO|Microsoft.Hosting.Lifetime|Content root path: D:\Project\C#\KChatServe\KChatServe\ |url: |action: 
2023-08-25 10:45:18.8129|14|INFO|Microsoft.Hosting.Lifetime|Now listening on: https://localhost:7285 |url: |action: 
2023-08-25 10:45:18.8129|14|INFO|Microsoft.Hosting.Lifetime|Now listening on: http://localhost:5136 |url: |action: 
2023-08-25 10:45:18.8129|0|INFO|Microsoft.Hosting.Lifetime|Application started. Press Ctrl+C to shut down. |url: |action: 
2023-08-25 10:45:18.8129|0|INFO|Microsoft.Hosting.Lifetime|Hosting environment: Development |url: |action: 
2023-08-25 10:45:18.8129|0|INFO|Microsoft.Hosting.Lifetime|Content root path: D:\Project\C#\KChatServe\KChatServe\ |url: |action: 
2023-08-25 10:45:41.9765|14|INFO|Microsoft.Hosting.Lifetime|Now listening on: https://localhost:7285 |url: |action: 
2023-08-25 10:45:41.9765|14|INFO|Microsoft.Hosting.Lifetime|Now listening on: http://localhost:5136 |url: |action: 
2023-08-25 10:45:41.9765|0|INFO|Microsoft.Hosting.Lifetime|Application started. Press Ctrl+C to shut down. |url: |action: 
2023-08-25 10:45:41.9765|0|INFO|Microsoft.Hosting.Lifetime|Hosting environment: Development |url: |action: 
2023-08-25 10:45:41.9765|0|INFO|Microsoft.Hosting.Lifetime|Content root path: D:\Project\C#\KChatServe\KChatServe\ |url: |action: 
2023-08-25 10:47:24.8022|14|INFO|Microsoft.Hosting.Lifetime|Now listening on: https://localhost:7285 |url: |action: 
2023-08-25 10:47:24.8250|14|INFO|Microsoft.Hosting.Lifetime|Now listening on: http://localhost:5136 |url: |action: 
2023-08-25 10:47:24.8250|0|INFO|Microsoft.Hosting.Lifetime|Application started. Press Ctrl+C to shut down. |url: |action: 
2023-08-25 10:47:24.8250|0|INFO|Microsoft.Hosting.Lifetime|Hosting environment: Development |url: |action: 
2023-08-25 10:47:24.8250|0|INFO|Microsoft.Hosting.Lifetime|Content root path: D:\Project\C#\KChatServe\KChatServe\ |url: |action: 
2023-08-25 10:48:16.7386|14|INFO|Microsoft.Hosting.Lifetime|Now listening on: https://localhost:7285 |url: |action: 
2023-08-25 10:48:16.7386|14|INFO|Microsoft.Hosting.Lifetime|Now listening on: http://localhost:5136 |url: |action: 
2023-08-25 10:48:16.7386|0|INFO|Microsoft.Hosting.Lifetime|Application started. Press Ctrl+C to shut down. |url: |action: 
2023-08-25 10:48:16.7386|0|INFO|Microsoft.Hosting.Lifetime|Hosting environment: Development |url: |action: 
2023-08-25 10:48:16.7386|0|INFO|Microsoft.Hosting.Lifetime|Content root path: D:\Project\C#\KChatServe\KChatServe\ |url: |action: 
2023-08-25 10:50:42.8348|14|INFO|Microsoft.Hosting.Lifetime|Now listening on: https://localhost:7285 |url: |action: 
2023-08-25 10:50:42.8348|14|INFO|Microsoft.Hosting.Lifetime|Now listening on: http://localhost:5136 |url: |action: 
2023-08-25 10:50:42.8348|0|INFO|Microsoft.Hosting.Lifetime|Application started. Press Ctrl+C to shut down. |url: |action: 
2023-08-25 10:50:42.8348|0|INFO|Microsoft.Hosting.Lifetime|Hosting environment: Development |url: |action: 
2023-08-25 10:50:42.8348|0|INFO|Microsoft.Hosting.Lifetime|Content root path: D:\Project\C#\KChatServe\KChatServe\ |url: |action: 
2023-08-25 10:54:34.0973|14|INFO|Microsoft.Hosting.Lifetime|Now listening on: https://localhost:7285 |url: |action: 
2023-08-25 10:54:34.0973|14|INFO|Microsoft.Hosting.Lifetime|Now listening on: http://localhost:5136 |url: |action: 
2023-08-25 10:54:34.0973|0|INFO|Microsoft.Hosting.Lifetime|Application started. Press Ctrl+C to shut down. |url: |action: 
2023-08-25 10:54:34.0973|0|INFO|Microsoft.Hosting.Lifetime|Hosting environment: Development |url: |action: 
2023-08-25 10:54:34.0973|0|INFO|Microsoft.Hosting.Lifetime|Content root path: D:\Project\C#\KChatServe\KChatServe\ |url: |action: 
2023-08-25 10:57:08.3692|14|INFO|Microsoft.Hosting.Lifetime|Now listening on: https://localhost:7285 |url: |action: 
2023-08-25 10:57:08.3782|14|INFO|Microsoft.Hosting.Lifetime|Now listening on: http://localhost:5136 |url: |action: 
2023-08-25 10:57:08.3782|0|INFO|Microsoft.Hosting.Lifetime|Application started. Press Ctrl+C to shut down. |url: |action: 
2023-08-25 10:57:08.3782|0|INFO|Microsoft.Hosting.Lifetime|Hosting environment: Development |url: |action: 
2023-08-25 10:57:08.3782|0|INFO|Microsoft.Hosting.Lifetime|Content root path: D:\Project\C#\KChatServe\KChatServe\ |url: |action: 
2023-08-25 11:15:04.4679|14|INFO|Microsoft.Hosting.Lifetime|Now listening on: https://localhost:7285 |url: |action: 
2023-08-25 11:15:04.4679|14|INFO|Microsoft.Hosting.Lifetime|Now listening on: http://localhost:5136 |url: |action: 
2023-08-25 11:15:04.4679|0|INFO|Microsoft.Hosting.Lifetime|Application started. Press Ctrl+C to shut down. |url: |action: 
2023-08-25 11:15:04.4679|0|INFO|Microsoft.Hosting.Lifetime|Hosting environment: Development |url: |action: 
2023-08-25 11:15:04.4679|0|INFO|Microsoft.Hosting.Lifetime|Content root path: D:\Project\C#\KChatServe\KChatServe\ |url: |action: 
