2023-08-27 14:22:09.8447|14|INFO|Microsoft.Hosting.Lifetime|Now listening on: https://localhost:7285 |url: |action: 
2023-08-27 14:22:09.8447|14|INFO|Microsoft.Hosting.Lifetime|Now listening on: http://localhost:5136 |url: |action: 
2023-08-27 14:22:09.8447|0|INFO|Microsoft.Hosting.Lifetime|Application started. Press Ctrl+C to shut down. |url: |action: 
2023-08-27 14:22:09.8447|0|INFO|Microsoft.Hosting.Lifetime|Hosting environment: Development |url: |action: 
2023-08-27 14:22:09.8447|0|INFO|Microsoft.Hosting.Lifetime|Content root path: D:\Project\KChat\Serve\KChatServe\ |url: |action: 
2023-08-27 14:22:32.2786|14|INFO|Microsoft.Hosting.Lifetime|Now listening on: https://localhost:7285 |url: |action: 
2023-08-27 14:22:32.2962|14|INFO|Microsoft.Hosting.Lifetime|Now listening on: http://localhost:5136 |url: |action: 
2023-08-27 14:22:32.2962|0|INFO|Microsoft.Hosting.Lifetime|Application started. Press Ctrl+C to shut down. |url: |action: 
2023-08-27 14:22:32.2962|0|INFO|Microsoft.Hosting.Lifetime|Hosting environment: Development |url: |action: 
2023-08-27 14:22:32.2962|0|INFO|Microsoft.Hosting.Lifetime|Content root path: D:\Project\KChat\Serve\KChatServe\ |url: |action: 
2023-08-27 14:23:21.7536|14|INFO|Microsoft.Hosting.Lifetime|Now listening on: https://localhost:7285 |url: |action: 
2023-08-27 14:23:21.7625|14|INFO|Microsoft.Hosting.Lifetime|Now listening on: http://localhost:5136 |url: |action: 
2023-08-27 14:23:21.7625|0|INFO|Microsoft.Hosting.Lifetime|Application started. Press Ctrl+C to shut down. |url: |action: 
2023-08-27 14:23:21.7625|0|INFO|Microsoft.Hosting.Lifetime|Hosting environment: Development |url: |action: 
2023-08-27 14:23:21.7625|0|INFO|Microsoft.Hosting.Lifetime|Content root path: D:\Project\KChat\Serve\KChatServe\ |url: |action: 
2023-08-27 14:24:11.6414|14|INFO|Microsoft.Hosting.Lifetime|Now listening on: https://localhost:7285 |url: |action: 
2023-08-27 14:24:11.6656|14|INFO|Microsoft.Hosting.Lifetime|Now listening on: http://localhost:5136 |url: |action: 
2023-08-27 14:24:11.6656|0|INFO|Microsoft.Hosting.Lifetime|Application started. Press Ctrl+C to shut down. |url: |action: 
2023-08-27 14:24:11.6683|0|INFO|Microsoft.Hosting.Lifetime|Hosting environment: Development |url: |action: 
2023-08-27 14:24:11.6683|0|INFO|Microsoft.Hosting.Lifetime|Content root path: D:\Project\KChat\Serve\KChatServe\ |url: |action: 
2023-08-27 14:25:43.5178|14|INFO|Microsoft.Hosting.Lifetime|Now listening on: https://localhost:7285 |url: |action: 
2023-08-27 14:25:43.5295|14|INFO|Microsoft.Hosting.Lifetime|Now listening on: http://localhost:5136 |url: |action: 
2023-08-27 14:25:43.5295|0|INFO|Microsoft.Hosting.Lifetime|Application started. Press Ctrl+C to shut down. |url: |action: 
2023-08-27 14:25:43.5295|0|INFO|Microsoft.Hosting.Lifetime|Hosting environment: Development |url: |action: 
2023-08-27 14:25:43.5295|0|INFO|Microsoft.Hosting.Lifetime|Content root path: D:\Project\KChat\Serve\KChatServe\ |url: |action: 
2023-08-27 14:26:19.5109|14|INFO|Microsoft.Hosting.Lifetime|Now listening on: https://localhost:7285 |url: |action: 
2023-08-27 14:26:19.5208|14|INFO|Microsoft.Hosting.Lifetime|Now listening on: http://localhost:5136 |url: |action: 
2023-08-27 14:26:19.5208|0|INFO|Microsoft.Hosting.Lifetime|Application started. Press Ctrl+C to shut down. |url: |action: 
2023-08-27 14:26:19.5208|0|INFO|Microsoft.Hosting.Lifetime|Hosting environment: Development |url: |action: 
2023-08-27 14:26:19.5208|0|INFO|Microsoft.Hosting.Lifetime|Content root path: D:\Project\KChat\Serve\KChatServe\ |url: |action: 
2023-08-27 14:27:08.8110|14|INFO|Microsoft.Hosting.Lifetime|Now listening on: https://localhost:7285 |url: |action: 
2023-08-27 14:27:08.8270|14|INFO|Microsoft.Hosting.Lifetime|Now listening on: http://localhost:5136 |url: |action: 
2023-08-27 14:27:08.8270|0|INFO|Microsoft.Hosting.Lifetime|Application started. Press Ctrl+C to shut down. |url: |action: 
2023-08-27 14:27:08.8270|0|INFO|Microsoft.Hosting.Lifetime|Hosting environment: Development |url: |action: 
2023-08-27 14:27:08.8270|0|INFO|Microsoft.Hosting.Lifetime|Content root path: D:\Project\KChat\Serve\KChatServe\ |url: |action: 
2023-08-27 14:28:02.4414|14|INFO|Microsoft.Hosting.Lifetime|Now listening on: https://localhost:7285 |url: |action: 
2023-08-27 14:28:02.4640|14|INFO|Microsoft.Hosting.Lifetime|Now listening on: http://localhost:5136 |url: |action: 
2023-08-27 14:28:02.4647|0|INFO|Microsoft.Hosting.Lifetime|Application started. Press Ctrl+C to shut down. |url: |action: 
2023-08-27 14:28:02.4647|0|INFO|Microsoft.Hosting.Lifetime|Hosting environment: Development |url: |action: 
2023-08-27 14:28:02.4647|0|INFO|Microsoft.Hosting.Lifetime|Content root path: D:\Project\KChat\Serve\KChatServe\ |url: |action: 
2023-08-27 14:33:13.6315|14|INFO|Microsoft.Hosting.Lifetime|Now listening on: https://localhost:7285 |url: |action: 
2023-08-27 14:33:13.6407|14|INFO|Microsoft.Hosting.Lifetime|Now listening on: http://localhost:5136 |url: |action: 
2023-08-27 14:33:13.6407|0|INFO|Microsoft.Hosting.Lifetime|Application started. Press Ctrl+C to shut down. |url: |action: 
2023-08-27 14:33:13.6407|0|INFO|Microsoft.Hosting.Lifetime|Hosting environment: Development |url: |action: 
2023-08-27 14:33:13.6407|0|INFO|Microsoft.Hosting.Lifetime|Content root path: D:\Project\KChat\Serve\KChatServe\ |url: |action: 
2023-08-27 14:33:49.5394|14|INFO|Microsoft.Hosting.Lifetime|Now listening on: https://localhost:7285 |url: |action: 
2023-08-27 14:33:49.5480|14|INFO|Microsoft.Hosting.Lifetime|Now listening on: http://localhost:5136 |url: |action: 
2023-08-27 14:33:49.5480|0|INFO|Microsoft.Hosting.Lifetime|Application started. Press Ctrl+C to shut down. |url: |action: 
2023-08-27 14:33:49.5480|0|INFO|Microsoft.Hosting.Lifetime|Hosting environment: Development |url: |action: 
2023-08-27 14:33:49.5480|0|INFO|Microsoft.Hosting.Lifetime|Content root path: D:\Project\KChat\Serve\KChatServe\ |url: |action: 
2023-08-27 14:34:45.0269|14|INFO|Microsoft.Hosting.Lifetime|Now listening on: https://localhost:7285 |url: |action: 
2023-08-27 14:34:45.0361|14|INFO|Microsoft.Hosting.Lifetime|Now listening on: http://localhost:5136 |url: |action: 
2023-08-27 14:34:45.0361|0|INFO|Microsoft.Hosting.Lifetime|Application started. Press Ctrl+C to shut down. |url: |action: 
2023-08-27 14:34:45.0361|0|INFO|Microsoft.Hosting.Lifetime|Hosting environment: Development |url: |action: 
2023-08-27 14:34:45.0361|0|INFO|Microsoft.Hosting.Lifetime|Content root path: D:\Project\KChat\Serve\KChatServe\ |url: |action: 
2023-08-27 14:35:07.2648|14|INFO|Microsoft.Hosting.Lifetime|Now listening on: https://localhost:7285 |url: |action: 
2023-08-27 14:35:07.2799|14|INFO|Microsoft.Hosting.Lifetime|Now listening on: http://localhost:5136 |url: |action: 
2023-08-27 14:35:07.2799|0|INFO|Microsoft.Hosting.Lifetime|Application started. Press Ctrl+C to shut down. |url: |action: 
2023-08-27 14:35:07.2799|0|INFO|Microsoft.Hosting.Lifetime|Hosting environment: Development |url: |action: 
2023-08-27 14:35:07.2799|0|INFO|Microsoft.Hosting.Lifetime|Content root path: D:\Project\KChat\Serve\KChatServe\ |url: |action: 
2023-08-27 14:36:46.5604|14|INFO|Microsoft.Hosting.Lifetime|Now listening on: https://localhost:7285 |url: |action: 
2023-08-27 14:36:46.5819|14|INFO|Microsoft.Hosting.Lifetime|Now listening on: http://localhost:5136 |url: |action: 
2023-08-27 14:36:46.5819|0|INFO|Microsoft.Hosting.Lifetime|Application started. Press Ctrl+C to shut down. |url: |action: 
2023-08-27 14:36:46.5819|0|INFO|Microsoft.Hosting.Lifetime|Hosting environment: Development |url: |action: 
2023-08-27 14:36:46.5819|0|INFO|Microsoft.Hosting.Lifetime|Content root path: D:\Project\KChat\Serve\KChatServe\ |url: |action: 
2023-08-27 14:41:01.3869|14|INFO|Microsoft.Hosting.Lifetime|Now listening on: https://localhost:7285 |url: |action: 
2023-08-27 14:41:01.3869|14|INFO|Microsoft.Hosting.Lifetime|Now listening on: http://localhost:5136 |url: |action: 
2023-08-27 14:41:01.3869|0|INFO|Microsoft.Hosting.Lifetime|Application started. Press Ctrl+C to shut down. |url: |action: 
2023-08-27 14:41:01.3869|0|INFO|Microsoft.Hosting.Lifetime|Hosting environment: Development |url: |action: 
2023-08-27 14:41:01.3869|0|INFO|Microsoft.Hosting.Lifetime|Content root path: D:\Project\KChat\Serve\KChatServe\ |url: |action: 
2023-08-27 14:43:56.6199|14|INFO|Microsoft.Hosting.Lifetime|Now listening on: https://localhost:7285 |url: |action: 
2023-08-27 14:43:56.6304|14|INFO|Microsoft.Hosting.Lifetime|Now listening on: http://localhost:5136 |url: |action: 
2023-08-27 14:43:56.6304|0|INFO|Microsoft.Hosting.Lifetime|Application started. Press Ctrl+C to shut down. |url: |action: 
2023-08-27 14:43:56.6304|0|INFO|Microsoft.Hosting.Lifetime|Hosting environment: Development |url: |action: 
2023-08-27 14:43:56.6304|0|INFO|Microsoft.Hosting.Lifetime|Content root path: D:\Project\KChat\Serve\KChatServe\ |url: |action: 
2023-08-27 14:55:32.5953|14|INFO|Microsoft.Hosting.Lifetime|Now listening on: https://localhost:7285 |url: |action: 
2023-08-27 14:55:32.5953|14|INFO|Microsoft.Hosting.Lifetime|Now listening on: http://localhost:5136 |url: |action: 
2023-08-27 14:55:32.5953|0|INFO|Microsoft.Hosting.Lifetime|Application started. Press Ctrl+C to shut down. |url: |action: 
2023-08-27 14:55:32.5953|0|INFO|Microsoft.Hosting.Lifetime|Hosting environment: Development |url: |action: 
2023-08-27 14:55:32.5953|0|INFO|Microsoft.Hosting.Lifetime|Content root path: D:\Project\KChat\Serve\KChatServe\ |url: |action: 
2023-08-27 14:57:21.9258|14|INFO|Microsoft.Hosting.Lifetime|Now listening on: https://localhost:7285 |url: |action: 
2023-08-27 14:57:21.9354|14|INFO|Microsoft.Hosting.Lifetime|Now listening on: http://localhost:5136 |url: |action: 
2023-08-27 14:57:21.9354|0|INFO|Microsoft.Hosting.Lifetime|Application started. Press Ctrl+C to shut down. |url: |action: 
2023-08-27 14:57:21.9354|0|INFO|Microsoft.Hosting.Lifetime|Hosting environment: Development |url: |action: 
2023-08-27 14:57:21.9354|0|INFO|Microsoft.Hosting.Lifetime|Content root path: D:\Project\KChat\Serve\KChatServe\ |url: |action: 
